android/build/outputs/logs/manifest-merger-debug-report.txt
-- Merging decision tree log ---
manifest
ADDED from WhacAHole\android\AndroidManifest.xml:2:1-22:12
INJECTED from WhacAHole\android\AndroidManifest.xml:2:1-22:12
INJECTED from WhacAHole\android\AndroidManifest.xml:2:1-22:12
INJECTED from WhacAHole\android\AndroidManifest.xml:2:1-22:12
INJECTED from WhacAHole\android\AndroidManifest.xml:2:1-22:12
INJECTED from WhacAHole\android\AndroidManifest.xml:2:1-22:12
INJECTED from WhacAHole\android\AndroidManifest.xml:2:1-22:12
	package
		ADDED from WhacAHole\android\AndroidManifest.xml:3:5-32
		INJECTED from WhacAHole\android\AndroidManifest.xml
		INJECTED from WhacAHole\android\AndroidManifest.xml
	android:versionName
		INJECTED from WhacAHole\android\AndroidManifest.xml
		ADDED from WhacAHole\android\AndroidManifest.xml:2:1-22:12
		INJECTED from WhacAHole\android\AndroidManifest.xml
	android:versionCode
		INJECTED from WhacAHole\android\AndroidManifest.xml
		ADDED from WhacAHole\android\AndroidManifest.xml:2:1-22:12
		INJECTED from WhacAHole\android\AndroidManifest.xml
	xmlns:android
		ADDED from WhacAHole\android\AndroidManifest.xml:2:11-69
application
ADDED from WhacAHole\android\AndroidManifest.xml:5:5-20:19
	android:label
		ADDED from WhacAHole\android\AndroidManifest.xml:8:9-41
	android:icon
		ADDED from WhacAHole\android\AndroidManifest.xml:7:9-45
	android:allowBackup
		ADDED from WhacAHole\android\AndroidManifest.xml:6:9-35
	android:theme
		ADDED from WhacAHole\android\AndroidManifest.xml:9:9-40
activity#com.codework.game.AndroidLauncher
ADDED from WhacAHole\android\AndroidManifest.xml:10:9-19:20
	android:screenOrientation
		ADDED from WhacAHole\android\AndroidManifest.xml:13:13-49
	android:label
		ADDED from WhacAHole\android\AndroidManifest.xml:12:13-45
	android:configChanges
		ADDED from WhacAHole\android\AndroidManifest.xml:14:13-107
	android:name
		ADDED from WhacAHole\android\AndroidManifest.xml:11:13-61
intent-filter#action:name:android.intent.action.MAIN+category:name:android.intent.category.LAUNCHER
ADDED from WhacAHole\android\AndroidManifest.xml:15:13-18:29
action#android.intent.action.MAIN
ADDED from WhacAHole\android\AndroidManifest.xml:16:17-69
	android:name
		ADDED from WhacAHole\android\AndroidManifest.xml:16:25-66
category#android.intent.category.LAUNCHER
ADDED from WhacAHole\android\AndroidManifest.xml:17:17-77
	android:name
		ADDED from WhacAHole\android\AndroidManifest.xml:17:27-74
uses-sdk
INJECTED from WhacAHole\android\AndroidManifest.xml reason: use-sdk injection requested
INJECTED from WhacAHole\android\AndroidManifest.xml
INJECTED from WhacAHole\android\AndroidManifest.xml
INJECTED from WhacAHole\android\AndroidManifest.xml
INJECTED from WhacAHole\android\AndroidManifest.xml
	android:targetSdkVersion
		INJECTED from WhacAHole\android\AndroidManifest.xml
		ADDED from WhacAHole\android\AndroidManifest.xml
		INJECTED from WhacAHole\android\AndroidManifest.xml
	android:minSdkVersion
		INJECTED from WhacAHole\android\AndroidManifest.xml
		ADDED from WhacAHole\android\AndroidManifest.xml
		INJECTED from WhacAHole\android\AndroidManifest.xml